{"contracts/GBC.sol":{"l":{"36":0,"37":0,"38":0,"42":0,"46":0,"47":0,"48":0,"49":0,"53":0,"54":0,"55":0,"56":0,"57":0,"58":0,"59":0,"62":0,"63":0,"64":0,"65":0,"66":0,"67":0,"68":0,"69":0,"70":0,"71":0,"73":0,"76":0,"77":0,"78":0,"79":0,"80":0,"81":0,"82":0,"86":0,"87":0,"89":0,"94":0,"95":0,"99":0,"100":0,"104":0,"108":0,"112":0,"115":0,"119":0,"120":0,"121":0,"122":0,"124":0,"127":0,"135":0,"148":0,"152":0,"153":0,"154":0,"158":0,"159":0,"160":0,"163":0,"164":0,"168":0,"175":0,"176":0,"179":0,"180":0,"183":0,"184":0,"186":0},"path":"/Users/nisko/GIT/www.blueberry.club/contracts/contracts/GBC.sol","s":{"1":0,"2":0,"3":0,"4":0,"5":0,"6":0,"7":0,"8":0,"9":0,"10":0,"11":0,"12":0,"13":0,"14":0,"15":0,"16":0,"17":0,"18":0,"19":0,"20":0,"21":0,"22":0,"23":0,"24":0,"25":0,"26":0,"27":0,"28":0,"29":0,"30":0,"31":0,"32":0,"33":0,"34":0,"35":0,"36":0,"37":0,"38":0,"39":0,"40":0,"41":0,"42":0,"43":0,"44":0,"45":0,"46":0,"47":0,"48":0,"49":0,"50":0,"51":0,"52":0,"53":0,"54":0,"55":0,"56":0,"57":0,"58":0,"59":0,"60":0,"61":0,"62":0,"63":0,"64":0,"65":0,"66":0,"67":0},"b":{"1":[0,0],"2":[0,0],"3":[0,0],"4":[0,0],"5":[0,0],"6":[0,0],"7":[0,0],"8":[0,0],"9":[0,0],"10":[0,0],"11":[0,0],"12":[0,0],"13":[0,0],"14":[0,0],"15":[0,0],"16":[0,0],"17":[0,0],"18":[0,0],"19":[0,0],"20":[0,0],"21":[0,0],"22":[0,0]},"f":{"1":0,"2":0,"3":0,"4":0,"5":0,"6":0,"7":0,"8":0,"9":0,"10":0,"11":0,"12":0,"13":0,"14":0,"15":0,"16":0,"17":0,"18":0,"19":0},"fnMap":{"1":{"name":"constructor","line":35,"loc":{"start":{"line":35,"column":4},"end":{"line":39,"column":4}}},"2":{"name":"_baseURI","line":41,"loc":{"start":{"line":41,"column":4},"end":{"line":43,"column":4}}},"3":{"name":"adminMint","line":45,"loc":{"start":{"line":45,"column":4},"end":{"line":51,"column":4}}},"4":{"name":"claim","line":52,"loc":{"start":{"line":52,"column":4},"end":{"line":60,"column":4}}},"5":{"name":"whitelistMint","line":61,"loc":{"start":{"line":61,"column":4},"end":{"line":74,"column":4}}},"6":{"name":"mint","line":75,"loc":{"start":{"line":75,"column":4},"end":{"line":84,"column":4}}},"7":{"name":"withdraw","line":85,"loc":{"start":{"line":85,"column":4},"end":{"line":91,"column":4}}},"8":{"name":"setBaseTokenURI","line":93,"loc":{"start":{"line":93,"column":4},"end":{"line":96,"column":4}}},"9":{"name":"setWLSigner","line":98,"loc":{"start":{"line":98,"column":4},"end":{"line":101,"column":4}}},"10":{"name":"setCost","line":103,"loc":{"start":{"line":103,"column":4},"end":{"line":105,"column":4}}},"11":{"name":"freezeBaseURI","line":107,"loc":{"start":{"line":107,"column":4},"end":{"line":109,"column":4}}},"12":{"name":"startPublicSale","line":111,"loc":{"start":{"line":111,"column":4},"end":{"line":113,"column":4}}},"13":{"name":"startWLMint","line":114,"loc":{"start":{"line":114,"column":4},"end":{"line":116,"column":4}}},"14":{"name":"walletOfOwner","line":118,"loc":{"start":{"line":118,"column":4},"end":{"line":125,"column":4}}},"15":{"name":"isBlacklisted","line":126,"loc":{"start":{"line":126,"column":4},"end":{"line":128,"column":4}}},"16":{"name":"_beforeTokenTransfer","line":130,"loc":{"start":{"line":130,"column":4},"end":{"line":136,"column":4}}},"17":{"name":"supportsInterface","line":141,"loc":{"start":{"line":141,"column":4},"end":{"line":149,"column":4}}},"18":{"name":"checkSignature","line":151,"loc":{"start":{"line":151,"column":4},"end":{"line":155,"column":4}}},"19":{"name":"recover","line":157,"loc":{"start":{"line":157,"column":4},"end":{"line":188,"column":4}}}},"statementMap":{"1":{"start":{"line":36,"column":8},"end":{"line":36,"column":35}},"2":{"start":{"line":37,"column":8},"end":{"line":37,"column":34}},"3":{"start":{"line":38,"column":8},"end":{"line":38,"column":31}},"4":{"start":{"line":42,"column":8},"end":{"line":42,"column":28}},"5":{"start":{"line":46,"column":8},"end":{"line":46,"column":1339}},"6":{"start":{"line":47,"column":12},"end":{"line":47,"column":91}},"7":{"start":{"line":48,"column":12},"end":{"line":48,"column":48}},"8":{"start":{"line":49,"column":12},"end":{"line":49,"column":38}},"9":{"start":{"line":53,"column":8},"end":{"line":53,"column":64}},"10":{"start":{"line":54,"column":8},"end":{"line":54,"column":80}},"11":{"start":{"line":55,"column":8},"end":{"line":55,"column":81}},"12":{"start":{"line":56,"column":8},"end":{"line":56,"column":87}},"13":{"start":{"line":57,"column":8},"end":{"line":57,"column":53}},"14":{"start":{"line":58,"column":8},"end":{"line":58,"column":34}},"15":{"start":{"line":59,"column":8},"end":{"line":59,"column":37}},"16":{"start":{"line":62,"column":8},"end":{"line":62,"column":72}},"17":{"start":{"line":63,"column":8},"end":{"line":63,"column":64}},"18":{"start":{"line":64,"column":8},"end":{"line":64,"column":89}},"19":{"start":{"line":65,"column":8},"end":{"line":65,"column":83}},"20":{"start":{"line":66,"column":8},"end":{"line":66,"column":93}},"21":{"start":{"line":67,"column":8},"end":{"line":67,"column":82}},"22":{"start":{"line":68,"column":8},"end":{"line":68,"column":2691}},"23":{"start":{"line":69,"column":12},"end":{"line":69,"column":91}},"24":{"start":{"line":70,"column":12},"end":{"line":70,"column":57}},"25":{"start":{"line":71,"column":12},"end":{"line":71,"column":38}},"26":{"start":{"line":73,"column":8},"end":{"line":73,"column":37}},"27":{"start":{"line":76,"column":8},"end":{"line":76,"column":72}},"28":{"start":{"line":77,"column":8},"end":{"line":77,"column":89}},"29":{"start":{"line":78,"column":8},"end":{"line":78,"column":76}},"30":{"start":{"line":79,"column":8},"end":{"line":79,"column":3299}},"31":{"start":{"line":80,"column":12},"end":{"line":80,"column":91}},"32":{"start":{"line":81,"column":12},"end":{"line":81,"column":57}},"33":{"start":{"line":82,"column":12},"end":{"line":82,"column":38}},"34":{"start":{"line":86,"column":8},"end":{"line":86,"column":3637}},"35":{"start":{"line":87,"column":12},"end":{"line":87,"column":49}},"36":{"start":{"line":89,"column":12},"end":{"line":89,"column":55}},"37":{"start":{"line":94,"column":8},"end":{"line":94,"column":64}},"38":{"start":{"line":95,"column":8},"end":{"line":95,"column":26}},"39":{"start":{"line":99,"column":8},"end":{"line":99,"column":107}},"40":{"start":{"line":100,"column":8},"end":{"line":100,"column":24}},"41":{"start":{"line":104,"column":8},"end":{"line":104,"column":19}},"42":{"start":{"line":108,"column":8},"end":{"line":108,"column":28}},"43":{"start":{"line":112,"column":8},"end":{"line":112,"column":31}},"44":{"start":{"line":115,"column":8},"end":{"line":115,"column":27}},"45":{"start":{"line":119,"column":8},"end":{"line":119,"column":51}},"46":{"start":{"line":120,"column":8},"end":{"line":120,"column":66}},"47":{"start":{"line":121,"column":8},"end":{"line":121,"column":4749}},"48":{"start":{"line":122,"column":12},"end":{"line":122,"column":55}},"49":{"start":{"line":124,"column":8},"end":{"line":124,"column":23}},"50":{"start":{"line":127,"column":8},"end":{"line":127,"column":34}},"51":{"start":{"line":135,"column":8},"end":{"line":135,"column":52}},"52":{"start":{"line":148,"column":8},"end":{"line":148,"column":51}},"53":{"start":{"line":152,"column":8},"end":{"line":152,"column":73}},"54":{"start":{"line":153,"column":8},"end":{"line":153,"column":43}},"55":{"start":{"line":154,"column":8},"end":{"line":154,"column":34}},"56":{"start":{"line":158,"column":8},"end":{"line":158,"column":17}},"57":{"start":{"line":159,"column":8},"end":{"line":159,"column":17}},"58":{"start":{"line":160,"column":8},"end":{"line":160,"column":15}},"59":{"start":{"line":163,"column":8},"end":{"line":163,"column":5948}},"60":{"start":{"line":164,"column":12},"end":{"line":164,"column":31}},"61":{"start":{"line":175,"column":8},"end":{"line":175,"column":6321}},"62":{"start":{"line":176,"column":12},"end":{"line":176,"column":18}},"63":{"start":{"line":179,"column":8},"end":{"line":179,"column":64}},"64":{"start":{"line":180,"column":8},"end":{"line":180,"column":72}},"65":{"start":{"line":183,"column":8},"end":{"line":183,"column":6579}},"66":{"start":{"line":184,"column":12},"end":{"line":184,"column":31}},"67":{"start":{"line":186,"column":12},"end":{"line":186,"column":51}}},"branchMap":{"1":{"line":47,"type":"if","locations":[{"start":{"line":47,"column":12},"end":{"line":47,"column":12}},{"start":{"line":47,"column":12},"end":{"line":47,"column":12}}]},"2":{"line":53,"type":"if","locations":[{"start":{"line":53,"column":8},"end":{"line":53,"column":8}},{"start":{"line":53,"column":8},"end":{"line":53,"column":8}}]},"3":{"line":54,"type":"if","locations":[{"start":{"line":54,"column":8},"end":{"line":54,"column":8}},{"start":{"line":54,"column":8},"end":{"line":54,"column":8}}]},"4":{"line":55,"type":"if","locations":[{"start":{"line":55,"column":8},"end":{"line":55,"column":8}},{"start":{"line":55,"column":8},"end":{"line":55,"column":8}}]},"5":{"line":56,"type":"if","locations":[{"start":{"line":56,"column":8},"end":{"line":56,"column":8}},{"start":{"line":56,"column":8},"end":{"line":56,"column":8}}]},"6":{"line":62,"type":"if","locations":[{"start":{"line":62,"column":8},"end":{"line":62,"column":8}},{"start":{"line":62,"column":8},"end":{"line":62,"column":8}}]},"7":{"line":63,"type":"if","locations":[{"start":{"line":63,"column":8},"end":{"line":63,"column":8}},{"start":{"line":63,"column":8},"end":{"line":63,"column":8}}]},"8":{"line":64,"type":"if","locations":[{"start":{"line":64,"column":8},"end":{"line":64,"column":8}},{"start":{"line":64,"column":8},"end":{"line":64,"column":8}}]},"9":{"line":65,"type":"if","locations":[{"start":{"line":65,"column":8},"end":{"line":65,"column":8}},{"start":{"line":65,"column":8},"end":{"line":65,"column":8}}]},"10":{"line":66,"type":"if","locations":[{"start":{"line":66,"column":8},"end":{"line":66,"column":8}},{"start":{"line":66,"column":8},"end":{"line":66,"column":8}}]},"11":{"line":67,"type":"if","locations":[{"start":{"line":67,"column":8},"end":{"line":67,"column":8}},{"start":{"line":67,"column":8},"end":{"line":67,"column":8}}]},"12":{"line":69,"type":"if","locations":[{"start":{"line":69,"column":12},"end":{"line":69,"column":12}},{"start":{"line":69,"column":12},"end":{"line":69,"column":12}}]},"13":{"line":76,"type":"if","locations":[{"start":{"line":76,"column":8},"end":{"line":76,"column":8}},{"start":{"line":76,"column":8},"end":{"line":76,"column":8}}]},"14":{"line":77,"type":"if","locations":[{"start":{"line":77,"column":8},"end":{"line":77,"column":8}},{"start":{"line":77,"column":8},"end":{"line":77,"column":8}}]},"15":{"line":78,"type":"if","locations":[{"start":{"line":78,"column":8},"end":{"line":78,"column":8}},{"start":{"line":78,"column":8},"end":{"line":78,"column":8}}]},"16":{"line":80,"type":"if","locations":[{"start":{"line":80,"column":12},"end":{"line":80,"column":12}},{"start":{"line":80,"column":12},"end":{"line":80,"column":12}}]},"17":{"line":86,"type":"if","locations":[{"start":{"line":86,"column":8},"end":{"line":86,"column":8}},{"start":{"line":86,"column":8},"end":{"line":86,"column":8}}]},"18":{"line":94,"type":"if","locations":[{"start":{"line":94,"column":8},"end":{"line":94,"column":8}},{"start":{"line":94,"column":8},"end":{"line":94,"column":8}}]},"19":{"line":99,"type":"if","locations":[{"start":{"line":99,"column":8},"end":{"line":99,"column":8}},{"start":{"line":99,"column":8},"end":{"line":99,"column":8}}]},"20":{"line":163,"type":"if","locations":[{"start":{"line":163,"column":8},"end":{"line":163,"column":8}},{"start":{"line":163,"column":8},"end":{"line":163,"column":8}}]},"21":{"line":175,"type":"if","locations":[{"start":{"line":175,"column":8},"end":{"line":175,"column":8}},{"start":{"line":175,"column":8},"end":{"line":175,"column":8}}]},"22":{"line":183,"type":"if","locations":[{"start":{"line":183,"column":8},"end":{"line":183,"column":8}},{"start":{"line":183,"column":8},"end":{"line":183,"column":8}}]}}},"contracts/interfaces/IPositionRouter.sol":{"l":{},"path":"/Users/nisko/GIT/www.blueberry.club/contracts/contracts/interfaces/IPositionRouter.sol","s":{},"b":{},"f":{},"fnMap":{},"statementMap":{},"branchMap":{}},"contracts/interfaces/IWETH.sol":{"l":{},"path":"/Users/nisko/GIT/www.blueberry.club/contracts/contracts/interfaces/IWETH.sol","s":{},"b":{},"f":{},"fnMap":{},"statementMap":{},"branchMap":{}},"contracts/lab/Closet.sol":{"l":{"40":0,"41":0,"45":0,"46":0,"47":0,"48":0,"49":0,"50":0,"51":0,"52":0,"55":0,"57":0,"58":0,"59":0,"61":0,"62":0,"64":0,"65":0,"69":0,"73":0,"74":0},"path":"/Users/nisko/GIT/www.blueberry.club/contracts/contracts/lab/Closet.sol","s":{"1":0,"2":0,"3":0,"4":0,"5":0,"6":0,"7":0,"8":0,"9":0,"10":0,"11":0,"12":0,"13":0,"14":0,"15":0,"16":0,"17":0,"18":0,"19":0,"20":0,"21":0,"22":0,"23":0,"24":0,"25":0},"b":{"1":[0,0],"2":[0,0],"3":[0,0],"4":[0,0],"5":[0,0],"6":[0,0],"7":[0,0],"8":[0,0],"9":[0,0]},"f":{"1":0,"2":0,"3":0},"fnMap":{"1":{"name":"constructor","line":39,"loc":{"start":{"line":39,"column":4},"end":{"line":42,"column":4}}},"2":{"name":"set","line":44,"loc":{"start":{"line":44,"column":4},"end":{"line":70,"column":4}}},"3":{"name":"setItemType","line":72,"loc":{"start":{"line":72,"column":4},"end":{"line":75,"column":4}}}},"statementMap":{"1":{"start":{"line":40,"column":8},"end":{"line":40,"column":26}},"2":{"start":{"line":41,"column":8},"end":{"line":41,"column":32}},"3":{"start":{"line":45,"column":8},"end":{"line":45,"column":75}},"4":{"start":{"line":46,"column":8},"end":{"line":46,"column":42}},"5":{"start":{"line":47,"column":8},"end":{"line":47,"column":1333}},"6":{"start":{"line":48,"column":12},"end":{"line":48,"column":33}},"7":{"start":{"line":49,"column":12},"end":{"line":49,"column":37}},"8":{"start":{"line":50,"column":12},"end":{"line":50,"column":1469}},"9":{"start":{"line":51,"column":16},"end":{"line":51,"column":103}},"10":{"start":{"line":52,"column":16},"end":{"line":52,"column":47}},"11":{"start":{"line":55,"column":12},"end":{"line":55,"column":48}},"12":{"start":{"line":57,"column":12},"end":{"line":57,"column":1717}},"13":{"start":{"line":58,"column":16},"end":{"line":58,"column":90}},"14":{"start":{"line":58,"column":42},"end":{"line":58,"column":89}},"15":{"start":{"line":59,"column":16},"end":{"line":59,"column":51}},"16":{"start":{"line":60,"column":19},"end":{"line":60,"column":1921}},"17":{"start":{"line":61,"column":16},"end":{"line":61,"column":84}},"18":{"start":{"line":61,"column":39},"end":{"line":61,"column":83}},"19":{"start":{"line":62,"column":16},"end":{"line":62,"column":48}},"20":{"start":{"line":64,"column":16},"end":{"line":64,"column":82}},"21":{"start":{"line":64,"column":38},"end":{"line":64,"column":81}},"22":{"start":{"line":65,"column":16},"end":{"line":65,"column":47}},"23":{"start":{"line":69,"column":8},"end":{"line":69,"column":85}},"24":{"start":{"line":73,"column":8},"end":{"line":73,"column":68}},"25":{"start":{"line":74,"column":8},"end":{"line":74,"column":37}}},"branchMap":{"1":{"line":45,"type":"if","locations":[{"start":{"line":45,"column":8},"end":{"line":45,"column":8}},{"start":{"line":45,"column":8},"end":{"line":45,"column":8}}]},"2":{"line":50,"type":"if","locations":[{"start":{"line":50,"column":12},"end":{"line":50,"column":12}},{"start":{"line":50,"column":12},"end":{"line":50,"column":12}}]},"3":{"line":51,"type":"if","locations":[{"start":{"line":51,"column":16},"end":{"line":51,"column":16}},{"start":{"line":51,"column":16},"end":{"line":51,"column":16}}]},"4":{"line":57,"type":"if","locations":[{"start":{"line":57,"column":12},"end":{"line":57,"column":12}},{"start":{"line":57,"column":12},"end":{"line":57,"column":12}}]},"5":{"line":58,"type":"if","locations":[{"start":{"line":58,"column":16},"end":{"line":58,"column":16}},{"start":{"line":58,"column":16},"end":{"line":58,"column":16}}]},"6":{"line":60,"type":"if","locations":[{"start":{"line":60,"column":19},"end":{"line":60,"column":19}},{"start":{"line":60,"column":19},"end":{"line":60,"column":19}}]},"7":{"line":61,"type":"if","locations":[{"start":{"line":61,"column":16},"end":{"line":61,"column":16}},{"start":{"line":61,"column":16},"end":{"line":61,"column":16}}]},"8":{"line":64,"type":"if","locations":[{"start":{"line":64,"column":16},"end":{"line":64,"column":16}},{"start":{"line":64,"column":16},"end":{"line":64,"column":16}}]},"9":{"line":73,"type":"if","locations":[{"start":{"line":73,"column":8},"end":{"line":73,"column":8}},{"start":{"line":73,"column":8},"end":{"line":73,"column":8}}]}}},"contracts/lab/GBCLab.sol":{"l":{"21":0,"22":0,"23":0,"27":0,"31":0,"32":0,"33":0,"35":0,"40":0,"49":0,"53":0,"61":0,"65":0,"66":0,"70":0,"71":0,"75":0},"path":"/Users/nisko/GIT/www.blueberry.club/contracts/contracts/lab/GBCLab.sol","s":{"1":0,"2":0,"3":0,"4":0,"5":0,"6":0,"7":0,"8":0,"9":0,"10":0,"11":0,"12":0,"13":0,"14":0,"15":0,"16":0,"17":0,"18":0,"19":0,"20":0},"b":{"1":[0,0],"2":[0,0],"3":[0,0],"4":[0,0]},"f":{"1":0,"2":0,"3":0,"4":0,"5":0,"6":0,"7":0,"8":0,"9":0,"10":0,"11":0},"fnMap":{"1":{"name":"constructor","line":15,"loc":{"start":{"line":15,"column":4},"end":{"line":15,"column":80}}},"2":{"name":"uri","line":20,"loc":{"start":{"line":20,"column":4},"end":{"line":24,"column":4}}},"3":{"name":"setUri","line":26,"loc":{"start":{"line":26,"column":4},"end":{"line":28,"column":4}}},"4":{"name":"setUri","line":30,"loc":{"start":{"line":30,"column":4},"end":{"line":37,"column":4}}},"5":{"name":"mint","line":39,"loc":{"start":{"line":39,"column":4},"end":{"line":41,"column":4}}},"6":{"name":"batchMint","line":48,"loc":{"start":{"line":43,"column":4},"end":{"line":50,"column":4}}},"7":{"name":"burn","line":52,"loc":{"start":{"line":52,"column":4},"end":{"line":54,"column":4}}},"8":{"name":"batchBurn","line":60,"loc":{"start":{"line":56,"column":4},"end":{"line":62,"column":4}}},"9":{"name":"setRoyalty","line":64,"loc":{"start":{"line":64,"column":4},"end":{"line":67,"column":4}}},"10":{"name":"setRoyalty","line":69,"loc":{"start":{"line":69,"column":4},"end":{"line":72,"column":4}}},"11":{"name":"supportsInterface","line":74,"loc":{"start":{"line":74,"column":4},"end":{"line":80,"column":4}}}},"statementMap":{"1":{"start":{"line":21,"column":8},"end":{"line":21,"column":38}},"2":{"start":{"line":22,"column":8},"end":{"line":22,"column":47}},"3":{"start":{"line":22,"column":36},"end":{"line":22,"column":47}},"4":{"start":{"line":23,"column":8},"end":{"line":23,"column":19}},"5":{"start":{"line":27,"column":8},"end":{"line":27,"column":18}},"6":{"start":{"line":31,"column":8},"end":{"line":31,"column":23}},"7":{"start":{"line":32,"column":8},"end":{"line":32,"column":1011}},"8":{"start":{"line":33,"column":12},"end":{"line":33,"column":30}},"9":{"start":{"line":35,"column":12},"end":{"line":35,"column":30}},"10":{"start":{"line":40,"column":8},"end":{"line":40,"column":34}},"11":{"start":{"line":49,"column":8},"end":{"line":49,"column":41}},"12":{"start":{"line":53,"column":8},"end":{"line":53,"column":28}},"13":{"start":{"line":61,"column":8},"end":{"line":61,"column":35}},"14":{"start":{"line":65,"column":8},"end":{"line":65,"column":64}},"15":{"start":{"line":65,"column":35},"end":{"line":65,"column":64}},"16":{"start":{"line":66,"column":8},"end":{"line":66,"column":51}},"17":{"start":{"line":70,"column":8},"end":{"line":70,"column":65}},"18":{"start":{"line":70,"column":35},"end":{"line":70,"column":65}},"19":{"start":{"line":71,"column":8},"end":{"line":71,"column":49}},"20":{"start":{"line":75,"column":8},"end":{"line":75,"column":2385}}},"branchMap":{"1":{"line":22,"type":"if","locations":[{"start":{"line":22,"column":8},"end":{"line":22,"column":8}},{"start":{"line":22,"column":8},"end":{"line":22,"column":8}}]},"2":{"line":32,"type":"if","locations":[{"start":{"line":32,"column":8},"end":{"line":32,"column":8}},{"start":{"line":32,"column":8},"end":{"line":32,"column":8}}]},"3":{"line":65,"type":"if","locations":[{"start":{"line":65,"column":8},"end":{"line":65,"column":8}},{"start":{"line":65,"column":8},"end":{"line":65,"column":8}}]},"4":{"line":70,"type":"if","locations":[{"start":{"line":70,"column":8},"end":{"line":70,"column":8}},{"start":{"line":70,"column":8},"end":{"line":70,"column":8}}]}}},"contracts/lab/Profile.sol":{"l":{"30":0,"34":0,"36":0,"37":0,"41":0,"42":0,"44":0,"45":0,"46":0,"47":0,"48":0,"52":0,"53":0,"54":0,"55":0,"56":0,"61":0},"path":"/Users/nisko/GIT/www.blueberry.club/contracts/contracts/lab/Profile.sol","s":{"1":0,"2":0,"3":0,"4":0,"5":0,"6":0,"7":0,"8":0,"9":0,"10":0,"11":0,"12":0,"13":0,"14":0,"15":0,"16":0,"17":0},"b":{"1":[0,0],"2":[0,0],"3":[0,0],"4":[0,0]},"f":{"1":0,"2":0,"3":0,"4":0,"5":0},"fnMap":{"1":{"name":"constructor","line":29,"loc":{"start":{"line":29,"column":4},"end":{"line":31,"column":4}}},"2":{"name":"chooseMain","line":33,"loc":{"start":{"line":33,"column":4},"end":{"line":38,"column":4}}},"3":{"name":"chooseUsername","line":40,"loc":{"start":{"line":40,"column":4},"end":{"line":49,"column":4}}},"4":{"name":"getDataOf","line":51,"loc":{"start":{"line":51,"column":4},"end":{"line":58,"column":4}}},"5":{"name":"setHandler","line":60,"loc":{"start":{"line":60,"column":4},"end":{"line":62,"column":4}}}},"statementMap":{"1":{"start":{"line":30,"column":8},"end":{"line":30,"column":26}},"2":{"start":{"line":34,"column":8},"end":{"line":34,"column":76}},"3":{"start":{"line":36,"column":8},"end":{"line":36,"column":35}},"4":{"start":{"line":37,"column":8},"end":{"line":37,"column":41}},"5":{"start":{"line":41,"column":8},"end":{"line":41,"column":117}},"6":{"start":{"line":42,"column":8},"end":{"line":42,"column":78}},"7":{"start":{"line":44,"column":8},"end":{"line":44,"column":58}},"8":{"start":{"line":45,"column":8},"end":{"line":45,"column":42}},"9":{"start":{"line":46,"column":8},"end":{"line":46,"column":41}},"10":{"start":{"line":47,"column":8},"end":{"line":47,"column":43}},"11":{"start":{"line":48,"column":8},"end":{"line":48,"column":49}},"12":{"start":{"line":52,"column":8},"end":{"line":52,"column":32}},"13":{"start":{"line":53,"column":8},"end":{"line":53,"column":44}},"14":{"start":{"line":54,"column":8},"end":{"line":54,"column":37}},"15":{"start":{"line":55,"column":8},"end":{"line":55,"column":2076}},"16":{"start":{"line":56,"column":12},"end":{"line":56,"column":22}},"17":{"start":{"line":61,"column":8},"end":{"line":61,"column":38}}},"branchMap":{"1":{"line":34,"type":"if","locations":[{"start":{"line":34,"column":8},"end":{"line":34,"column":8}},{"start":{"line":34,"column":8},"end":{"line":34,"column":8}}]},"2":{"line":41,"type":"if","locations":[{"start":{"line":41,"column":8},"end":{"line":41,"column":8}},{"start":{"line":41,"column":8},"end":{"line":41,"column":8}}]},"3":{"line":42,"type":"if","locations":[{"start":{"line":42,"column":8},"end":{"line":42,"column":8}},{"start":{"line":42,"column":8},"end":{"line":42,"column":8}}]},"4":{"line":55,"type":"if","locations":[{"start":{"line":55,"column":8},"end":{"line":55,"column":8}},{"start":{"line":55,"column":8},"end":{"line":55,"column":8}}]}}},"contracts/lab/sales/GbcWhitelist.sol":{"l":{"27":0,"28":0,"29":0,"31":0,"35":0,"37":0,"39":0,"40":0,"42":0,"43":0,"44":0,"45":0,"47":0,"49":0},"path":"/Users/nisko/GIT/www.blueberry.club/contracts/contracts/lab/sales/GbcWhitelist.sol","s":{"1":0,"2":0,"3":0,"4":0,"5":0,"6":0,"7":0,"8":0,"9":0,"10":0,"11":0,"12":0,"13":0,"14":0},"b":{"1":[0,0],"2":[0,0],"3":[0,0],"4":[0,0],"5":[0,0]},"f":{"1":0,"2":0},"fnMap":{"1":{"name":"constructor","line":26,"loc":{"start":{"line":26,"column":4},"end":{"line":32,"column":4}}},"2":{"name":"mintWhitelist","line":34,"loc":{"start":{"line":34,"column":4},"end":{"line":50,"column":4}}}},"statementMap":{"1":{"start":{"line":27,"column":8},"end":{"line":27,"column":51}},"2":{"start":{"line":28,"column":8},"end":{"line":28,"column":39}},"3":{"start":{"line":29,"column":8},"end":{"line":29,"column":37}},"4":{"start":{"line":31,"column":8},"end":{"line":31,"column":26}},"5":{"start":{"line":35,"column":8},"end":{"line":35,"column":84}},"6":{"start":{"line":37,"column":8},"end":{"line":37,"column":37}},"7":{"start":{"line":39,"column":8},"end":{"line":39,"column":80}},"8":{"start":{"line":40,"column":8},"end":{"line":40,"column":82}},"9":{"start":{"line":42,"column":8},"end":{"line":42,"column":1538}},"10":{"start":{"line":43,"column":12},"end":{"line":43,"column":30}},"11":{"start":{"line":44,"column":12},"end":{"line":44,"column":71}},"12":{"start":{"line":45,"column":12},"end":{"line":45,"column":58}},"13":{"start":{"line":47,"column":12},"end":{"line":47,"column":36}},"14":{"start":{"line":49,"column":8},"end":{"line":49,"column":25}}},"branchMap":{"1":{"line":35,"type":"if","locations":[{"start":{"line":35,"column":8},"end":{"line":35,"column":8}},{"start":{"line":35,"column":8},"end":{"line":35,"column":8}}]},"2":{"line":39,"type":"if","locations":[{"start":{"line":39,"column":8},"end":{"line":39,"column":8}},{"start":{"line":39,"column":8},"end":{"line":39,"column":8}}]},"3":{"line":40,"type":"if","locations":[{"start":{"line":40,"column":8},"end":{"line":40,"column":8}},{"start":{"line":40,"column":8},"end":{"line":40,"column":8}}]},"4":{"line":44,"type":"if","locations":[{"start":{"line":44,"column":12},"end":{"line":44,"column":12}},{"start":{"line":44,"column":12},"end":{"line":44,"column":12}}]},"5":{"line":45,"type":"if","locations":[{"start":{"line":45,"column":12},"end":{"line":45,"column":12}},{"start":{"line":45,"column":12},"end":{"line":45,"column":12}}]}}},"contracts/lab/sales/Sale.sol":{"l":{"30":0,"31":0,"32":0,"33":0,"35":0,"37":0,"41":0,"42":0,"44":0,"45":0,"47":0,"51":0,"52":0,"54":0,"59":0,"63":0},"path":"/Users/nisko/GIT/www.blueberry.club/contracts/contracts/lab/sales/Sale.sol","s":{"1":0,"2":0,"3":0,"4":0,"5":0,"6":0,"7":0,"8":0,"9":0,"10":0,"11":0,"12":0,"13":0,"14":0,"15":0,"16":0},"b":{"1":[0,0],"2":[0,0],"3":[0,0],"4":[0,0],"5":[0,0]},"f":{"1":0,"2":0,"3":0,"4":0,"5":0},"fnMap":{"1":{"name":"constructor","line":29,"loc":{"start":{"line":29,"column":4},"end":{"line":38,"column":4}}},"2":{"name":"_mint","line":40,"loc":{"start":{"line":40,"column":4},"end":{"line":48,"column":4}}},"3":{"name":"publicMint","line":50,"loc":{"start":{"line":50,"column":3},"end":{"line":55,"column":4}}},"4":{"name":"fundTreasury","line":58,"loc":{"start":{"line":58,"column":4},"end":{"line":60,"column":4}}},"5":{"name":"cancel","line":62,"loc":{"start":{"line":62,"column":4},"end":{"line":64,"column":4}}}},"statementMap":{"1":{"start":{"line":30,"column":8},"end":{"line":30,"column":25}},"2":{"start":{"line":31,"column":8},"end":{"line":31,"column":19}},"3":{"start":{"line":32,"column":8},"end":{"line":32,"column":31}},"4":{"start":{"line":33,"column":8},"end":{"line":33,"column":31}},"5":{"start":{"line":35,"column":8},"end":{"line":35,"column":31}},"6":{"start":{"line":37,"column":8},"end":{"line":37,"column":25}},"7":{"start":{"line":41,"column":8},"end":{"line":41,"column":48}},"8":{"start":{"line":42,"column":8},"end":{"line":42,"column":64}},"9":{"start":{"line":44,"column":8},"end":{"line":44,"column":23}},"10":{"start":{"line":45,"column":8},"end":{"line":45,"column":58}},"11":{"start":{"line":47,"column":8},"end":{"line":47,"column":48}},"12":{"start":{"line":51,"column":8},"end":{"line":51,"column":65}},"13":{"start":{"line":52,"column":8},"end":{"line":52,"column":67}},"14":{"start":{"line":54,"column":8},"end":{"line":54,"column":20}},"15":{"start":{"line":59,"column":8},"end":{"line":59,"column":53}},"16":{"start":{"line":63,"column":8},"end":{"line":63,"column":24}}},"branchMap":{"1":{"line":41,"type":"if","locations":[{"start":{"line":41,"column":8},"end":{"line":41,"column":8}},{"start":{"line":41,"column":8},"end":{"line":41,"column":8}}]},"2":{"line":42,"type":"if","locations":[{"start":{"line":42,"column":8},"end":{"line":42,"column":8}},{"start":{"line":42,"column":8},"end":{"line":42,"column":8}}]},"3":{"line":45,"type":"if","locations":[{"start":{"line":45,"column":8},"end":{"line":45,"column":8}},{"start":{"line":45,"column":8},"end":{"line":45,"column":8}}]},"4":{"line":51,"type":"if","locations":[{"start":{"line":51,"column":8},"end":{"line":51,"column":8}},{"start":{"line":51,"column":8},"end":{"line":51,"column":8}}]},"5":{"line":52,"type":"if","locations":[{"start":{"line":52,"column":8},"end":{"line":52,"column":8}},{"start":{"line":52,"column":8},"end":{"line":52,"column":8}}]}}},"contracts/lab/sales/Whitelist.sol":{"l":{"17":0,"21":0,"22":0,"24":0,"26":0},"path":"/Users/nisko/GIT/www.blueberry.club/contracts/contracts/lab/sales/Whitelist.sol","s":{"1":0,"2":0,"3":0,"4":0,"5":0},"b":{"1":[0,0],"2":[0,0]},"f":{"1":0,"2":0},"fnMap":{"1":{"name":"constructor","line":16,"loc":{"start":{"line":16,"column":4},"end":{"line":18,"column":4}}},"2":{"name":"whitelistMint","line":20,"loc":{"start":{"line":20,"column":4},"end":{"line":27,"column":4}}}},"statementMap":{"1":{"start":{"line":17,"column":8},"end":{"line":17,"column":33}},"2":{"start":{"line":21,"column":8},"end":{"line":21,"column":62}},"3":{"start":{"line":22,"column":8},"end":{"line":22,"column":127}},"4":{"start":{"line":24,"column":8},"end":{"line":24,"column":33}},"5":{"start":{"line":26,"column":8},"end":{"line":26,"column":15}}},"branchMap":{"1":{"line":21,"type":"if","locations":[{"start":{"line":21,"column":8},"end":{"line":21,"column":8}},{"start":{"line":21,"column":8},"end":{"line":21,"column":8}}]},"2":{"line":22,"type":"if","locations":[{"start":{"line":22,"column":8},"end":{"line":22,"column":8}},{"start":{"line":22,"column":8},"end":{"line":22,"column":8}}]}}},"contracts/Police.sol":{"l":{},"path":"/Users/nisko/GIT/www.blueberry.club/contracts/contracts/Police.sol","s":{},"b":{},"f":{"1":0},"fnMap":{"1":{"name":"constructor","line":13,"loc":{"start":{"line":13,"column":4},"end":{"line":13,"column":82}}}},"statementMap":{},"branchMap":{}},"contracts/trading/Pass.sol":{"l":{"22":0,"23":0,"24":0,"28":0,"32":0,"33":0,"34":0,"36":0,"41":0,"50":0,"54":0,"62":0,"66":0,"67":0,"71":0,"72":0,"76":0},"path":"/Users/nisko/GIT/www.blueberry.club/contracts/contracts/trading/Pass.sol","s":{"1":0,"2":0,"3":0,"4":0,"5":0,"6":0,"7":0,"8":0,"9":0,"10":0,"11":0,"12":0,"13":0,"14":0,"15":0,"16":0,"17":0,"18":0,"19":0,"20":0},"b":{"1":[0,0],"2":[0,0],"3":[0,0],"4":[0,0]},"f":{"1":0,"2":0,"3":0,"4":0,"5":0,"6":0,"7":0,"8":0,"9":0,"10":0,"11":0},"fnMap":{"1":{"name":"constructor","line":16,"loc":{"start":{"line":16,"column":4},"end":{"line":16,"column":59}}},"2":{"name":"uri","line":21,"loc":{"start":{"line":21,"column":4},"end":{"line":25,"column":4}}},"3":{"name":"setUri","line":27,"loc":{"start":{"line":27,"column":4},"end":{"line":29,"column":4}}},"4":{"name":"setUri","line":31,"loc":{"start":{"line":31,"column":4},"end":{"line":38,"column":4}}},"5":{"name":"mint","line":40,"loc":{"start":{"line":40,"column":4},"end":{"line":42,"column":4}}},"6":{"name":"batchMint","line":49,"loc":{"start":{"line":44,"column":4},"end":{"line":51,"column":4}}},"7":{"name":"burn","line":53,"loc":{"start":{"line":53,"column":4},"end":{"line":55,"column":4}}},"8":{"name":"batchBurn","line":61,"loc":{"start":{"line":57,"column":4},"end":{"line":63,"column":4}}},"9":{"name":"setRoyalty","line":65,"loc":{"start":{"line":65,"column":4},"end":{"line":68,"column":4}}},"10":{"name":"setRoyalty","line":70,"loc":{"start":{"line":70,"column":4},"end":{"line":73,"column":4}}},"11":{"name":"supportsInterface","line":75,"loc":{"start":{"line":75,"column":4},"end":{"line":81,"column":4}}}},"statementMap":{"1":{"start":{"line":22,"column":8},"end":{"line":22,"column":38}},"2":{"start":{"line":23,"column":8},"end":{"line":23,"column":47}},"3":{"start":{"line":23,"column":36},"end":{"line":23,"column":47}},"4":{"start":{"line":24,"column":8},"end":{"line":24,"column":19}},"5":{"start":{"line":28,"column":8},"end":{"line":28,"column":18}},"6":{"start":{"line":32,"column":8},"end":{"line":32,"column":23}},"7":{"start":{"line":33,"column":8},"end":{"line":33,"column":1035}},"8":{"start":{"line":34,"column":12},"end":{"line":34,"column":30}},"9":{"start":{"line":36,"column":12},"end":{"line":36,"column":30}},"10":{"start":{"line":41,"column":8},"end":{"line":41,"column":34}},"11":{"start":{"line":50,"column":8},"end":{"line":50,"column":41}},"12":{"start":{"line":54,"column":8},"end":{"line":54,"column":28}},"13":{"start":{"line":62,"column":8},"end":{"line":62,"column":35}},"14":{"start":{"line":66,"column":8},"end":{"line":66,"column":64}},"15":{"start":{"line":66,"column":35},"end":{"line":66,"column":64}},"16":{"start":{"line":67,"column":8},"end":{"line":67,"column":51}},"17":{"start":{"line":71,"column":8},"end":{"line":71,"column":65}},"18":{"start":{"line":71,"column":35},"end":{"line":71,"column":65}},"19":{"start":{"line":72,"column":8},"end":{"line":72,"column":49}},"20":{"start":{"line":76,"column":8},"end":{"line":76,"column":2409}}},"branchMap":{"1":{"line":23,"type":"if","locations":[{"start":{"line":23,"column":8},"end":{"line":23,"column":8}},{"start":{"line":23,"column":8},"end":{"line":23,"column":8}}]},"2":{"line":33,"type":"if","locations":[{"start":{"line":33,"column":8},"end":{"line":33,"column":8}},{"start":{"line":33,"column":8},"end":{"line":33,"column":8}}]},"3":{"line":66,"type":"if","locations":[{"start":{"line":66,"column":8},"end":{"line":66,"column":8}},{"start":{"line":66,"column":8},"end":{"line":66,"column":8}}]},"4":{"line":71,"type":"if","locations":[{"start":{"line":71,"column":8},"end":{"line":71,"column":8}},{"start":{"line":71,"column":8},"end":{"line":71,"column":8}}]}}},"contracts/trading/Router.sol":{"l":{},"path":"/Users/nisko/GIT/www.blueberry.club/contracts/contracts/trading/Router.sol","s":{},"b":{},"f":{},"fnMap":{},"statementMap":{},"branchMap":{}},"contracts/trading/Tournament.sol":{"l":{"19":0},"path":"/Users/nisko/GIT/www.blueberry.club/contracts/contracts/trading/Tournament.sol","s":{"1":0},"b":{},"f":{"1":0},"fnMap":{"1":{"name":"constructor","line":18,"loc":{"start":{"line":18,"column":4},"end":{"line":20,"column":4}}}},"statementMap":{"1":{"start":{"line":19,"column":8},"end":{"line":19,"column":21}}},"branchMap":{}}}